<?xml version="1.0" encoding="UTF-8"?>
<!-- Generated by org.testng.reporters.JUnitReportReporter -->
<testsuite hostname="LAPTOP-86P31LN5" failures="0" tests="3" name="testcase.TestCase4" time="13.554" errors="0" timestamp="2023-01-12T09:00:50 IST" skipped="0">
  <testcase classname="testcase.TestCase4" name="login" time="4.205"/>
  <system-out/>
  <testcase classname="testcase.TestCase4" name="login" time="4.111"/>
  <system-out/>
  <testcase classname="testcase.TestCase4" name="login" time="5.238"/>
  <system-out/>
</testsuite> <!-- testcase.TestCase4 -->
