<?xml version="1.0" encoding="UTF-8"?>
<!-- Generated by org.testng.reporters.JUnitReportReporter -->
<testsuite hostname="LAPTOP-86P31LN5" failures="0" tests="4" name="testcase.TestCase3" time="0.017" errors="0" timestamp="2023-01-11T09:51:34 IST" skipped="0">
  <testcase classname="testcase.TestCase3" name="search" time="0.003"/>
  <system-out/>
  <testcase classname="testcase.TestCase3" name="search" time="0.012"/>
  <system-out/>
  <testcase classname="testcase.TestCase3" name="search" time="0.001"/>
  <system-out/>
  <testcase classname="testcase.TestCase3" name="search" time="0.001"/>
  <system-out/>
</testsuite> <!-- testcase.TestCase3 -->
